The target system is: Android - 21 - aarch64
The host system is: Linux - 4.4.0-53-generic - x86_64
Determining if the C compiler works passed with the following output:
Change Dir: /home/fredrik/dev/FreeChess/app/.externalNativeBuild/cmake/release/arm64-v8a/CMakeFiles/CMakeTmp

Run Build Command:"/home/fredrik/Android/Sdk/cmake/3.6.3155560/bin/ninja" "cmTC_5017b"
[1/2] Building C object CMakeFiles/cmTC_5017b.dir/testCCompiler.c.o
[2/2] Linking C executable cmTC_5017b


Detecting C compiler ABI info compiled with the following output:
Change Dir: /home/fredrik/dev/FreeChess/app/.externalNativeBuild/cmake/release/arm64-v8a/CMakeFiles/CMakeTmp

Run Build Command:"/home/fredrik/Android/Sdk/cmake/3.6.3155560/bin/ninja" "cmTC_e0b70"
[1/2] Building C object CMakeFiles/cmTC_e0b70.dir/CMakeCCompilerABI.c.o
[2/2] Linking C executable cmTC_e0b70
Android clang version 3.8.256229  (based on LLVM 3.8.256229)
Target: aarch64-none-linux-android
Thread model: posix
InstalledDir: /home/fredrik/Android/Sdk/ndk-bundle/toolchains/llvm/prebuilt/linux-x86_64/bin
Found candidate GCC installation: /home/fredrik/Android/Sdk/ndk-bundle/toolchains/aarch64-linux-android-4.9/prebuilt/linux-x86_64/lib/gcc/aarch64-linux-android/4.9.x
Selected GCC installation: /home/fredrik/Android/Sdk/ndk-bundle/toolchains/aarch64-linux-android-4.9/prebuilt/linux-x86_64/lib/gcc/aarch64-linux-android/4.9.x
Candidate multilib: .;@m64
Selected multilib: .;@m64
 "/home/fredrik/Android/Sdk/ndk-bundle/toolchains/aarch64-linux-android-4.9/prebuilt/linux-x86_64/lib/gcc/aarch64-linux-android/4.9.x/../../../../aarch64-linux-android/bin/ld" --sysroot=/home/fredrik/Android/Sdk/ndk-bundle/platforms/android-21/arch-arm64 -pie -z relro --build-id --eh-frame-hdr -m aarch64linux -dynamic-linker /system/bin/linker64 -o cmTC_e0b70 /home/fredrik/Android/Sdk/ndk-bundle/platforms/android-21/arch-arm64/usr/lib/crtbegin_dynamic.o -L/home/fredrik/Android/Sdk/ndk-bundle/toolchains/aarch64-linux-android-4.9/prebuilt/linux-x86_64/lib/gcc/aarch64-linux-android/4.9.x -L/home/fredrik/Android/Sdk/ndk-bundle/toolchains/aarch64-linux-android-4.9/prebuilt/linux-x86_64/lib/gcc/aarch64-linux-android/4.9.x/../../../../aarch64-linux-android/lib/../lib64 -L/home/fredrik/Android/Sdk/ndk-bundle/toolchains/aarch64-linux-android-4.9/prebuilt/linux-x86_64/lib/gcc/aarch64-linux-android/4.9.x/../../../../aarch64-linux-android/lib -L/home/fredrik/Android/Sdk/ndk-bundle/platforms/android-21/arch-arm64/usr/lib --build-id --warn-shared-textrel --fatal-warnings --no-undefined -z noexecstack -z relro -z now --gc-sections -z nocopyreloc --build-id --warn-shared-textrel --fatal-warnings --no-undefined -z noexecstack -z relro -z now --gc-sections -z nocopyreloc CMakeFiles/cmTC_e0b70.dir/CMakeCCompilerABI.c.o -lgcc -ldl -lc -lgcc -ldl /home/fredrik/Android/Sdk/ndk-bundle/platforms/android-21/arch-arm64/usr/lib/crtend_android.o


Parsed C implicit link information from above output:
  link line regex: [^( *|.*[/\])(aarch64-linux-android-ld|([^/\]+-)?ld|collect2)[^/\]*( |$)]
  ignore line: [Change Dir: /home/fredrik/dev/FreeChess/app/.externalNativeBuild/cmake/release/arm64-v8a/CMakeFiles/CMakeTmp]
  ignore line: []
  ignore line: [Run Build Command:"/home/fredrik/Android/Sdk/cmake/3.6.3155560/bin/ninja" "cmTC_e0b70"]
  ignore line: [[1/2] Building C object CMakeFiles/cmTC_e0b70.dir/CMakeCCompilerABI.c.o]
  ignore line: [[2/2] Linking C executable cmTC_e0b70]
  ignore line: [Android clang version 3.8.256229  (based on LLVM 3.8.256229)]
  ignore line: [Target: aarch64-none-linux-android]
  ignore line: [Thread model: posix]
  ignore line: [InstalledDir: /home/fredrik/Android/Sdk/ndk-bundle/toolchains/llvm/prebuilt/linux-x86_64/bin]
  ignore line: [Found candidate GCC installation: /home/fredrik/Android/Sdk/ndk-bundle/toolchains/aarch64-linux-android-4.9/prebuilt/linux-x86_64/lib/gcc/aarch64-linux-android/4.9.x]
  ignore line: [Selected GCC installation: /home/fredrik/Android/Sdk/ndk-bundle/toolchains/aarch64-linux-android-4.9/prebuilt/linux-x86_64/lib/gcc/aarch64-linux-android/4.9.x]
  ignore line: [Candidate multilib: .]
  ignore line: [@m64]
  ignore line: [Selected multilib: .]
  ignore line: [@m64]
  link line: [ "/home/fredrik/Android/Sdk/ndk-bundle/toolchains/aarch64-linux-android-4.9/prebuilt/linux-x86_64/lib/gcc/aarch64-linux-android/4.9.x/../../../../aarch64-linux-android/bin/ld" --sysroot=/home/fredrik/Android/Sdk/ndk-bundle/platforms/android-21/arch-arm64 -pie -z relro --build-id --eh-frame-hdr -m aarch64linux -dynamic-linker /system/bin/linker64 -o cmTC_e0b70 /home/fredrik/Android/Sdk/ndk-bundle/platforms/android-21/arch-arm64/usr/lib/crtbegin_dynamic.o -L/home/fredrik/Android/Sdk/ndk-bundle/toolchains/aarch64-linux-android-4.9/prebuilt/linux-x86_64/lib/gcc/aarch64-linux-android/4.9.x -L/home/fredrik/Android/Sdk/ndk-bundle/toolchains/aarch64-linux-android-4.9/prebuilt/linux-x86_64/lib/gcc/aarch64-linux-android/4.9.x/../../../../aarch64-linux-android/lib/../lib64 -L/home/fredrik/Android/Sdk/ndk-bundle/toolchains/aarch64-linux-android-4.9/prebuilt/linux-x86_64/lib/gcc/aarch64-linux-android/4.9.x/../../../../aarch64-linux-android/lib -L/home/fredrik/Android/Sdk/ndk-bundle/platforms/android-21/arch-arm64/usr/lib --build-id --warn-shared-textrel --fatal-warnings --no-undefined -z noexecstack -z relro -z now --gc-sections -z nocopyreloc --build-id --warn-shared-textrel --fatal-warnings --no-undefined -z noexecstack -z relro -z now --gc-sections -z nocopyreloc CMakeFiles/cmTC_e0b70.dir/CMakeCCompilerABI.c.o -lgcc -ldl -lc -lgcc -ldl /home/fredrik/Android/Sdk/ndk-bundle/platforms/android-21/arch-arm64/usr/lib/crtend_android.o]
    arg [/home/fredrik/Android/Sdk/ndk-bundle/toolchains/aarch64-linux-android-4.9/prebuilt/linux-x86_64/lib/gcc/aarch64-linux-android/4.9.x/../../../../aarch64-linux-android/bin/ld] ==> ignore
    arg [--sysroot=/home/fredrik/Android/Sdk/ndk-bundle/platforms/android-21/arch-arm64] ==> ignore
    arg [-pie] ==> ignore
    arg [-zrelro] ==> ignore
    arg [--build-id] ==> ignore
    arg [--eh-frame-hdr] ==> ignore
    arg [-m] ==> ignore
    arg [aarch64linux] ==> ignore
    arg [-dynamic-linker] ==> ignore
    arg [/system/bin/linker64] ==> ignore
    arg [-o] ==> ignore
    arg [cmTC_e0b70] ==> ignore
    arg [/home/fredrik/Android/Sdk/ndk-bundle/platforms/android-21/arch-arm64/usr/lib/crtbegin_dynamic.o] ==> ignore
    arg [-L/home/fredrik/Android/Sdk/ndk-bundle/toolchains/aarch64-linux-android-4.9/prebuilt/linux-x86_64/lib/gcc/aarch64-linux-android/4.9.x] ==> dir [/home/fredrik/Android/Sdk/ndk-bundle/toolchains/aarch64-linux-android-4.9/prebuilt/linux-x86_64/lib/gcc/aarch64-linux-android/4.9.x]
    arg [-L/home/fredrik/Android/Sdk/ndk-bundle/toolchains/aarch64-linux-android-4.9/prebuilt/linux-x86_64/lib/gcc/aarch64-linux-android/4.9.x/../../../../aarch64-linux-android/lib/../lib64] ==> dir [/home/fredrik/Android/Sdk/ndk-bundle/toolchains/aarch64-linux-android-4.9/prebuilt/linux-x86_64/lib/gcc/aarch64-linux-android/4.9.x/../../../../aarch64-linux-android/lib/../lib64]
    arg [-L/home/fredrik/Android/Sdk/ndk-bundle/toolchains/aarch64-linux-android-4.9/prebuilt/linux-x86_64/lib/gcc/aarch64-linux-android/4.9.x/../../../../aarch64-linux-android/lib] ==> dir [/home/fredrik/Android/Sdk/ndk-bundle/toolchains/aarch64-linux-android-4.9/prebuilt/linux-x86_64/lib/gcc/aarch64-linux-android/4.9.x/../../../../aarch64-linux-android/lib]
    arg [-L/home/fredrik/Android/Sdk/ndk-bundle/platforms/android-21/arch-arm64/usr/lib] ==> dir [/home/fredrik/Android/Sdk/ndk-bundle/platforms/android-21/arch-arm64/usr/lib]
    arg [--build-id] ==> ignore
    arg [--warn-shared-textrel] ==> ignore
    arg [--fatal-warnings] ==> ignore
    arg [--no-undefined] ==> ignore
    arg [-znoexecstack] ==> ignore
    arg [-zrelro] ==> ignore
    arg [-znow] ==> ignore
    arg [--gc-sections] ==> ignore
    arg [-znocopyreloc] ==> ignore
    arg [--build-id] ==> ignore
    arg [--warn-shared-textrel] ==> ignore
    arg [--fatal-warnings] ==> ignore
    arg [--no-undefined] ==> ignore
    arg [-znoexecstack] ==> ignore
    arg [-zrelro] ==> ignore
    arg [-znow] ==> ignore
    arg [--gc-sections] ==> ignore
    arg [-znocopyreloc] ==> ignore
    arg [CMakeFiles/cmTC_e0b70.dir/CMakeCCompilerABI.c.o] ==> ignore
    arg [-lgcc] ==> lib [gcc]
    arg [-ldl] ==> lib [dl]
    arg [-lc] ==> lib [c]
    arg [-lgcc] ==> lib [gcc]
    arg [-ldl] ==> lib [dl]
    arg [/home/fredrik/Android/Sdk/ndk-bundle/platforms/android-21/arch-arm64/usr/lib/crtend_android.o] ==> ignore
  remove lib [gcc]
  remove lib [gcc]
  collapse library dir [/home/fredrik/Android/Sdk/ndk-bundle/toolchains/aarch64-linux-android-4.9/prebuilt/linux-x86_64/lib/gcc/aarch64-linux-android/4.9.x] ==> [/home/fredrik/Android/Sdk/ndk-bundle/toolchains/aarch64-linux-android-4.9/prebuilt/linux-x86_64/lib/gcc/aarch64-linux-android/4.9.x]
  collapse library dir [/home/fredrik/Android/Sdk/ndk-bundle/toolchains/aarch64-linux-android-4.9/prebuilt/linux-x86_64/lib/gcc/aarch64-linux-android/4.9.x/../../../../aarch64-linux-android/lib/../lib64] ==> [/home/fredrik/Android/Sdk/ndk-bundle/toolchains/aarch64-linux-android-4.9/prebuilt/linux-x86_64/aarch64-linux-android/lib64]
  collapse library dir [/home/fredrik/Android/Sdk/ndk-bundle/toolchains/aarch64-linux-android-4.9/prebuilt/linux-x86_64/lib/gcc/aarch64-linux-android/4.9.x/../../../../aarch64-linux-android/lib] ==> [/home/fredrik/Android/Sdk/ndk-bundle/toolchains/aarch64-linux-android-4.9/prebuilt/linux-x86_64/aarch64-linux-android/lib]
  collapse library dir [/home/fredrik/Android/Sdk/ndk-bundle/platforms/android-21/arch-arm64/usr/lib] ==> [/home/fredrik/Android/Sdk/ndk-bundle/platforms/android-21/arch-arm64/usr/lib]
  implicit libs: [dl;c;dl]
  implicit dirs: [/home/fredrik/Android/Sdk/ndk-bundle/toolchains/aarch64-linux-android-4.9/prebuilt/linux-x86_64/lib/gcc/aarch64-linux-android/4.9.x;/home/fredrik/Android/Sdk/ndk-bundle/toolchains/aarch64-linux-android-4.9/prebuilt/linux-x86_64/aarch64-linux-android/lib64;/home/fredrik/Android/Sdk/ndk-bundle/toolchains/aarch64-linux-android-4.9/prebuilt/linux-x86_64/aarch64-linux-android/lib;/home/fredrik/Android/Sdk/ndk-bundle/platforms/android-21/arch-arm64/usr/lib]
  implicit fwks: []


Determining if the CXX compiler works passed with the following output:
Change Dir: /home/fredrik/dev/FreeChess/app/.externalNativeBuild/cmake/release/arm64-v8a/CMakeFiles/CMakeTmp

Run Build Command:"/home/fredrik/Android/Sdk/cmake/3.6.3155560/bin/ninja" "cmTC_00567"
[1/2] Building CXX object CMakeFiles/cmTC_00567.dir/testCXXCompiler.cxx.o
[2/2] Linking CXX executable cmTC_00567


Detecting CXX compiler ABI info compiled with the following output:
Change Dir: /home/fredrik/dev/FreeChess/app/.externalNativeBuild/cmake/release/arm64-v8a/CMakeFiles/CMakeTmp

Run Build Command:"/home/fredrik/Android/Sdk/cmake/3.6.3155560/bin/ninja" "cmTC_b80bc"
[1/2] Building CXX object CMakeFiles/cmTC_b80bc.dir/CMakeCXXCompilerABI.cpp.o
[2/2] Linking CXX executable cmTC_b80bc
Android clang version 3.8.256229  (based on LLVM 3.8.256229)
Target: aarch64-none-linux-android
Thread model: posix
InstalledDir: /home/fredrik/Android/Sdk/ndk-bundle/toolchains/llvm/prebuilt/linux-x86_64/bin
Found candidate GCC installation: /home/fredrik/Android/Sdk/ndk-bundle/toolchains/aarch64-linux-android-4.9/prebuilt/linux-x86_64/lib/gcc/aarch64-linux-android/4.9.x
Selected GCC installation: /home/fredrik/Android/Sdk/ndk-bundle/toolchains/aarch64-linux-android-4.9/prebuilt/linux-x86_64/lib/gcc/aarch64-linux-android/4.9.x
Candidate multilib: .;@m64
Selected multilib: .;@m64
 "/home/fredrik/Android/Sdk/ndk-bundle/toolchains/aarch64-linux-android-4.9/prebuilt/linux-x86_64/lib/gcc/aarch64-linux-android/4.9.x/../../../../aarch64-linux-android/bin/ld" --sysroot=/home/fredrik/Android/Sdk/ndk-bundle/platforms/android-21/arch-arm64 -pie -z relro --build-id --eh-frame-hdr -m aarch64linux -dynamic-linker /system/bin/linker64 -o cmTC_b80bc /home/fredrik/Android/Sdk/ndk-bundle/platforms/android-21/arch-arm64/usr/lib/crtbegin_dynamic.o -L/home/fredrik/Android/Sdk/ndk-bundle/toolchains/aarch64-linux-android-4.9/prebuilt/linux-x86_64/lib/gcc/aarch64-linux-android/4.9.x -L/home/fredrik/Android/Sdk/ndk-bundle/toolchains/aarch64-linux-android-4.9/prebuilt/linux-x86_64/lib/gcc/aarch64-linux-android/4.9.x/../../../../aarch64-linux-android/lib/../lib64 -L/home/fredrik/Android/Sdk/ndk-bundle/toolchains/aarch64-linux-android-4.9/prebuilt/linux-x86_64/lib/gcc/aarch64-linux-android/4.9.x/../../../../aarch64-linux-android/lib -L/home/fredrik/Android/Sdk/ndk-bundle/platforms/android-21/arch-arm64/usr/lib --build-id --warn-shared-textrel --fatal-warnings --no-undefined -z noexecstack -z relro -z now --gc-sections -z nocopyreloc --build-id --warn-shared-textrel --fatal-warnings --no-undefined -z noexecstack -z relro -z now --gc-sections -z nocopyreloc CMakeFiles/cmTC_b80bc.dir/CMakeCXXCompilerABI.cpp.o -lstdc++ -lm -lgcc -lgcc -ldl -lc -lgcc -lgcc -ldl /home/fredrik/Android/Sdk/ndk-bundle/platforms/android-21/arch-arm64/usr/lib/crtend_android.o


Parsed CXX implicit link information from above output:
  link line regex: [^( *|.*[/\])(aarch64-linux-android-ld|([^/\]+-)?ld|collect2)[^/\]*( |$)]
  ignore line: [Change Dir: /home/fredrik/dev/FreeChess/app/.externalNativeBuild/cmake/release/arm64-v8a/CMakeFiles/CMakeTmp]
  ignore line: []
  ignore line: [Run Build Command:"/home/fredrik/Android/Sdk/cmake/3.6.3155560/bin/ninja" "cmTC_b80bc"]
  ignore line: [[1/2] Building CXX object CMakeFiles/cmTC_b80bc.dir/CMakeCXXCompilerABI.cpp.o]
  ignore line: [[2/2] Linking CXX executable cmTC_b80bc]
  ignore line: [Android clang version 3.8.256229  (based on LLVM 3.8.256229)]
  ignore line: [Target: aarch64-none-linux-android]
  ignore line: [Thread model: posix]
  ignore line: [InstalledDir: /home/fredrik/Android/Sdk/ndk-bundle/toolchains/llvm/prebuilt/linux-x86_64/bin]
  ignore line: [Found candidate GCC installation: /home/fredrik/Android/Sdk/ndk-bundle/toolchains/aarch64-linux-android-4.9/prebuilt/linux-x86_64/lib/gcc/aarch64-linux-android/4.9.x]
  ignore line: [Selected GCC installation: /home/fredrik/Android/Sdk/ndk-bundle/toolchains/aarch64-linux-android-4.9/prebuilt/linux-x86_64/lib/gcc/aarch64-linux-android/4.9.x]
  ignore line: [Candidate multilib: .]
  ignore line: [@m64]
  ignore line: [Selected multilib: .]
  ignore line: [@m64]
  link line: [ "/home/fredrik/Android/Sdk/ndk-bundle/toolchains/aarch64-linux-android-4.9/prebuilt/linux-x86_64/lib/gcc/aarch64-linux-android/4.9.x/../../../../aarch64-linux-android/bin/ld" --sysroot=/home/fredrik/Android/Sdk/ndk-bundle/platforms/android-21/arch-arm64 -pie -z relro --build-id --eh-frame-hdr -m aarch64linux -dynamic-linker /system/bin/linker64 -o cmTC_b80bc /home/fredrik/Android/Sdk/ndk-bundle/platforms/android-21/arch-arm64/usr/lib/crtbegin_dynamic.o -L/home/fredrik/Android/Sdk/ndk-bundle/toolchains/aarch64-linux-android-4.9/prebuilt/linux-x86_64/lib/gcc/aarch64-linux-android/4.9.x -L/home/fredrik/Android/Sdk/ndk-bundle/toolchains/aarch64-linux-android-4.9/prebuilt/linux-x86_64/lib/gcc/aarch64-linux-android/4.9.x/../../../../aarch64-linux-android/lib/../lib64 -L/home/fredrik/Android/Sdk/ndk-bundle/toolchains/aarch64-linux-android-4.9/prebuilt/linux-x86_64/lib/gcc/aarch64-linux-android/4.9.x/../../../../aarch64-linux-android/lib -L/home/fredrik/Android/Sdk/ndk-bundle/platforms/android-21/arch-arm64/usr/lib --build-id --warn-shared-textrel --fatal-warnings --no-undefined -z noexecstack -z relro -z now --gc-sections -z nocopyreloc --build-id --warn-shared-textrel --fatal-warnings --no-undefined -z noexecstack -z relro -z now --gc-sections -z nocopyreloc CMakeFiles/cmTC_b80bc.dir/CMakeCXXCompilerABI.cpp.o -lstdc++ -lm -lgcc -lgcc -ldl -lc -lgcc -lgcc -ldl /home/fredrik/Android/Sdk/ndk-bundle/platforms/android-21/arch-arm64/usr/lib/crtend_android.o]
    arg [/home/fredrik/Android/Sdk/ndk-bundle/toolchains/aarch64-linux-android-4.9/prebuilt/linux-x86_64/lib/gcc/aarch64-linux-android/4.9.x/../../../../aarch64-linux-android/bin/ld] ==> ignore
    arg [--sysroot=/home/fredrik/Android/Sdk/ndk-bundle/platforms/android-21/arch-arm64] ==> ignore
    arg [-pie] ==> ignore
    arg [-zrelro] ==> ignore
    arg [--build-id] ==> ignore
    arg [--eh-frame-hdr] ==> ignore
    arg [-m] ==> ignore
    arg [aarch64linux] ==> ignore
    arg [-dynamic-linker] ==> ignore
    arg [/system/bin/linker64] ==> ignore
    arg [-o] ==> ignore
    arg [cmTC_b80bc] ==> ignore
    arg [/home/fredrik/Android/Sdk/ndk-bundle/platforms/android-21/arch-arm64/usr/lib/crtbegin_dynamic.o] ==> ignore
    arg [-L/home/fredrik/Android/Sdk/ndk-bundle/toolchains/aarch64-linux-android-4.9/prebuilt/linux-x86_64/lib/gcc/aarch64-linux-android/4.9.x] ==> dir [/home/fredrik/Android/Sdk/ndk-bundle/toolchains/aarch64-linux-android-4.9/prebuilt/linux-x86_64/lib/gcc/aarch64-linux-android/4.9.x]
    arg [-L/home/fredrik/Android/Sdk/ndk-bundle/toolchains/aarch64-linux-android-4.9/prebuilt/linux-x86_64/lib/gcc/aarch64-linux-android/4.9.x/../../../../aarch64-linux-android/lib/../lib64] ==> dir [/home/fredrik/Android/Sdk/ndk-bundle/toolchains/aarch64-linux-android-4.9/prebuilt/linux-x86_64/lib/gcc/aarch64-linux-android/4.9.x/../../../../aarch64-linux-android/lib/../lib64]
    arg [-L/home/fredrik/Android/Sdk/ndk-bundle/toolchains/aarch64-linux-android-4.9/prebuilt/linux-x86_64/lib/gcc/aarch64-linux-android/4.9.x/../../../../aarch64-linux-android/lib] ==> dir [/home/fredrik/Android/Sdk/ndk-bundle/toolchains/aarch64-linux-android-4.9/prebuilt/linux-x86_64/lib/gcc/aarch64-linux-android/4.9.x/../../../../aarch64-linux-android/lib]
    arg [-L/home/fredrik/Android/Sdk/ndk-bundle/platforms/android-21/arch-arm64/usr/lib] ==> dir [/home/fredrik/Android/Sdk/ndk-bundle/platforms/android-21/arch-arm64/usr/lib]
    arg [--build-id] ==> ignore
    arg [--warn-shared-textrel] ==> ignore
    arg [--fatal-warnings] ==> ignore
    arg [--no-undefined] ==> ignore
    arg [-znoexecstack] ==> ignore
    arg [-zrelro] ==> ignore
    arg [-znow] ==> ignore
    arg [--gc-sections] ==> ignore
    arg [-znocopyreloc] ==> ignore
    arg [--build-id] ==> ignore
    arg [--warn-shared-textrel] ==> ignore
    arg [--fatal-warnings] ==> ignore
    arg [--no-undefined] ==> ignore
    arg [-znoexecstack] ==> ignore
    arg [-zrelro] ==> ignore
    arg [-znow] ==> ignore
    arg [--gc-sections] ==> ignore
    arg [-znocopyreloc] ==> ignore
    arg [CMakeFiles/cmTC_b80bc.dir/CMakeCXXCompilerABI.cpp.o] ==> ignore
    arg [-lstdc++] ==> lib [stdc++]
    arg [-lm] ==> lib [m]
    arg [-lgcc] ==> lib [gcc]
    arg [-lgcc] ==> lib [gcc]
    arg [-ldl] ==> lib [dl]
    arg [-lc] ==> lib [c]
    arg [-lgcc] ==> lib [gcc]
    arg [-lgcc] ==> lib [gcc]
    arg [-ldl] ==> lib [dl]
    arg [/home/fredrik/Android/Sdk/ndk-bundle/platforms/android-21/arch-arm64/usr/lib/crtend_android.o] ==> ignore
  remove lib [gcc]
  remove lib [gcc]
  remove lib [gcc]
  remove lib [gcc]
  collapse library dir [/home/fredrik/Android/Sdk/ndk-bundle/toolchains/aarch64-linux-android-4.9/prebuilt/linux-x86_64/lib/gcc/aarch64-linux-android/4.9.x] ==> [/home/fredrik/Android/Sdk/ndk-bundle/toolchains/aarch64-linux-android-4.9/prebuilt/linux-x86_64/lib/gcc/aarch64-linux-android/4.9.x]
  collapse library dir [/home/fredrik/Android/Sdk/ndk-bundle/toolchains/aarch64-linux-android-4.9/prebuilt/linux-x86_64/lib/gcc/aarch64-linux-android/4.9.x/../../../../aarch64-linux-android/lib/../lib64] ==> [/home/fredrik/Android/Sdk/ndk-bundle/toolchains/aarch64-linux-android-4.9/prebuilt/linux-x86_64/aarch64-linux-android/lib64]
  collapse library dir [/home/fredrik/Android/Sdk/ndk-bundle/toolchains/aarch64-linux-android-4.9/prebuilt/linux-x86_64/lib/gcc/aarch64-linux-android/4.9.x/../../../../aarch64-linux-android/lib] ==> [/home/fredrik/Android/Sdk/ndk-bundle/toolchains/aarch64-linux-android-4.9/prebuilt/linux-x86_64/aarch64-linux-android/lib]
  collapse library dir [/home/fredrik/Android/Sdk/ndk-bundle/platforms/android-21/arch-arm64/usr/lib] ==> [/home/fredrik/Android/Sdk/ndk-bundle/platforms/android-21/arch-arm64/usr/lib]
  implicit libs: [stdc++;m;dl;c;dl]
  implicit dirs: [/home/fredrik/Android/Sdk/ndk-bundle/toolchains/aarch64-linux-android-4.9/prebuilt/linux-x86_64/lib/gcc/aarch64-linux-android/4.9.x;/home/fredrik/Android/Sdk/ndk-bundle/toolchains/aarch64-linux-android-4.9/prebuilt/linux-x86_64/aarch64-linux-android/lib64;/home/fredrik/Android/Sdk/ndk-bundle/toolchains/aarch64-linux-android-4.9/prebuilt/linux-x86_64/aarch64-linux-android/lib;/home/fredrik/Android/Sdk/ndk-bundle/platforms/android-21/arch-arm64/usr/lib]
  implicit fwks: []


